0 info it worked if it ends with ok
1 verbose cli [ 'C:\\Program Files\\nodejs\\node.exe',
1 verbose cli   'C:\\Program Files\\nodejs\\node_modules\\npm\\bin\\npm-cli.js',
1 verbose cli   'run',
1 verbose cli   'compile' ]
2 info using npm@3.10.10
3 info using node@v6.11.2
4 verbose run-script [ 'precompile', 'compile', 'postcompile' ]
5 info lifecycle alurabank@1.0.0~precompile: alurabank@1.0.0
6 silly lifecycle alurabank@1.0.0~precompile: no script for precompile, continuing
7 info lifecycle alurabank@1.0.0~compile: alurabank@1.0.0
8 verbose lifecycle alurabank@1.0.0~compile: unsafe-perm in lifecycle true
9 verbose lifecycle alurabank@1.0.0~compile: PATH: C:\Program Files\nodejs\node_modules\npm\bin\node-gyp-bin;C:\Metasis\Aulas alura\alurabank\node_modules\.bin;C:\Program Files (x86)\Borland\Delphi7\Bin;C:\Program Files (x86)\Borland\Delphi7\Projects\Bpl\;C:\Windows\system32;C:\Windows;C:\Windows\System32\Wbem;C:\Windows\System32\WindowsPowerShell\v1.0\;C:\Program Files\TortoiseSVN\bin;C:\Program Files\Git\cmd;C:\Users\Prog102\AppData\Local\Android\sdk\platform-tools;C:\Metasis\xampp\php;C:\ProgramData\ComposerSetup\bin;C:\ProgramData\chocolatey\bin;C:\Program Files\nodejs\;C:\Program Files\Java\jdk1.8.0_131\bin;C:\Program Files (x86)\LLVM\bin;C:\Users\Prog102\scoop\shims;C:\Users\Prog102\AppData\Local\Microsoft\WindowsApps;C:\Users\Prog102\AppData\Roaming\Composer\vendor\bin;C:\Users\Prog102\AppData\Roaming\npm;C:\Program Files (x86)\Microsoft VS Code\bin;C:\Metasis\adds;C:\Metasis\adds\GNU\bin;C:\Users\Prog102\AppData\Local\Programs\Python\Python35-32;C:\Users\Prog102\AppData\Local\Programs\Python\Python35-32\Scripts;C:\Program Files\swipl\bin;C:\Program Files (x86)\Microsoft VS Code Insiders\bin
10 verbose lifecycle alurabank@1.0.0~compile: CWD: C:\Metasis\Aulas alura\alurabank
11 silly lifecycle alurabank@1.0.0~compile: Args: [ '/d /s /c', 'tsc' ]
12 silly lifecycle alurabank@1.0.0~compile: Returned: code: 2  signal: null
13 info lifecycle alurabank@1.0.0~compile: Failed to exec compile script
14 verbose stack Error: alurabank@1.0.0 compile: `tsc`
14 verbose stack Exit status 2
14 verbose stack     at EventEmitter.<anonymous> (C:\Program Files\nodejs\node_modules\npm\lib\utils\lifecycle.js:255:16)
14 verbose stack     at emitTwo (events.js:106:13)
14 verbose stack     at EventEmitter.emit (events.js:191:7)
14 verbose stack     at ChildProcess.<anonymous> (C:\Program Files\nodejs\node_modules\npm\lib\utils\spawn.js:40:14)
14 verbose stack     at emitTwo (events.js:106:13)
14 verbose stack     at ChildProcess.emit (events.js:191:7)
14 verbose stack     at maybeClose (internal/child_process.js:891:16)
14 verbose stack     at Process.ChildProcess._handle.onexit (internal/child_process.js:226:5)
15 verbose pkgid alurabank@1.0.0
16 verbose cwd C:\Metasis\Aulas alura\alurabank
17 error Windows_NT 10.0.14393
18 error argv "C:\\Program Files\\nodejs\\node.exe" "C:\\Program Files\\nodejs\\node_modules\\npm\\bin\\npm-cli.js" "run" "compile"
19 error node v6.11.2
20 error npm  v3.10.10
21 error code ELIFECYCLE
22 error alurabank@1.0.0 compile: `tsc`
22 error Exit status 2
23 error Failed at the alurabank@1.0.0 compile script 'tsc'.
23 error Make sure you have the latest version of node.js and npm installed.
23 error If you do, this is most likely a problem with the alurabank package,
23 error not with npm itself.
23 error Tell the author that this fails on your system:
23 error     tsc
23 error You can get information on how to open an issue for this project with:
23 error     npm bugs alurabank
23 error Or if that isn't available, you can get their info via:
23 error     npm owner ls alurabank
23 error There is likely additional logging output above.
24 verbose exit [ 1, true ]
